<?xml version="1.0" encoding="UTF-8"?>
<!-- Generated by org.testng.reporters.JUnitReportReporter -->
<testsuite hostname="Satishs-MacBook-Pro.local" failures="0" tests="1" name="cucumberOptions.TestNGTestRunner" time="5.698" errors="0" timestamp="2025-06-22T16:12:09 IST" skipped="0">
  <testcase classname="cucumberOptions.TestNGTestRunner" name="runScenario" time="5.698"/>
</testsuite> <!-- cucumberOptions.TestNGTestRunner -->
